{"logTime": "0922/040514", "correlationVector":"Pg+1e/eoA6kyEIr6dnBH0p.0","action":"FeedSettingFetch_homeCloud", "result":"0", "context":{}}
{"logTime": "0922/040515", "correlationVector":"Pg+1e/eoA6kyEIr6dnBH0p.0","action":"SyncServerConnectionManagerRequest", "result":"SYNC_SERVER_OK", "context":{"environment":"", "server":""}}
{"logTime": "0922/040516", "correlationVector":"52OxfC9aOUUHrJ2TgQG1B7.1","action":"SyncServerConnectionManagerRequest", "result":"SYNC_SERVER_OK", "context":{"environment":"Prod_SoutheastAsia", "server":"GENERAL0100001B"}}
{"logTime": "0922/040516", "correlationVector":"52OxfC9aOUUHrJ2TgQG1B7","action":"Initial GetUpdates", "result":"", "context":Reason: NEW_CLIENT. cV=52OxfC9aOUUHrJ2TgQG1B7}
{"logTime": "0922/040516", "correlationVector":"52OxfC9aOUUHrJ2TgQG1B7.2","action":"GetUpdates Response", "result":"SYNCER_OK", "context":Received 1 update(s). cV=52OxfC9aOUUHrJ2TgQG1B7.0;server=GENERAL0100001B;cloudType=Consumer;environment=Prod_SoutheastAsia}
{"logTime": "0922/040525", "correlationVector":"y4U0JAj78Uwo43DVq8XCxu","action":"Initial GetUpdates", "result":"", "context":Reason: NEW_CLIENT. cV=y4U0JAj78Uwo43DVq8XCxu}
{"logTime": "0922/040526", "correlationVector":"y4U0JAj78Uwo43DVq8XCxu.1","action":"SyncServerConnectionManagerRequest", "result":"SYNC_SERVER_OK", "context":{"environment":"Prod_SoutheastAsia", "server":"GENERAL0100001J"}}
{"logTime": "0922/040526", "correlationVector":"y4U0JAj78Uwo43DVq8XCxu.2","action":"GetUpdates Response", "result":"SYNCER_OK", "context":Received 47 update(s). cV=y4U0JAj78Uwo43DVq8XCxu.0;server=GENERAL0100001J;cloudType=Consumer;environment=Prod_SoutheastAsia}
{"logTime": "0922/040526", "correlationVector":"DhYiQi7mcWVoOXhaFpNDkQ","action":"Initial GetUpdates", "result":"", "context":Reason: NEW_CLIENT. cV=DhYiQi7mcWVoOXhaFpNDkQ}
{"logTime": "0922/040526", "correlationVector":"DhYiQi7mcWVoOXhaFpNDkQ.1","action":"SyncServerConnectionManagerRequest", "result":"SYNC_SERVER_OK", "context":{"environment":"Prod_SoutheastAsia", "server":"GENERAL01000012"}}
{"logTime": "0922/040526", "correlationVector":"DhYiQi7mcWVoOXhaFpNDkQ.2","action":"GetUpdates Response", "result":"SYNCER_OK", "context":Received 9 update(s). cV=DhYiQi7mcWVoOXhaFpNDkQ.0;server=GENERAL01000012;cloudType=Consumer;environment=Prod_SoutheastAsia}
{"logTime": "0922/040526", "correlationVector":"xFNiA/XcflIAwve2Joz5RD","action":"Initial GetUpdates", "result":"", "context":Reason: NEW_CLIENT. cV=xFNiA/XcflIAwve2Joz5RD}
{"logTime": "0922/040526", "correlationVector":"xFNiA/XcflIAwve2Joz5RD.1","action":"SyncServerConnectionManagerRequest", "result":"SYNC_SERVER_OK", "context":{"environment":"Prod_SoutheastAsia", "server":"GENERAL0100000D"}}
{"logTime": "0922/040526", "correlationVector":"xFNiA/XcflIAwve2Joz5RD.2","action":"GetUpdates Response", "result":"SYNCER_OK", "context":Received 11 update(s). cV=xFNiA/XcflIAwve2Joz5RD.0;server=GENERAL0100000D;cloudType=Consumer;environment=Prod_SoutheastAsia}
{"logTime": "0922/040526", "correlationVector":"fdSbwvpi3R3r0wu7l4jqsl","action":"Normal GetUpdate request", "result":"", "context":cV=fdSbwvpi3R3r0wu7l4jqsl
Nudged types: Preferences, Device Info, User Consents
Refresh requested types: Bookmarks, Preferences, Passwords, Autofill Profiles, Autofill, Autofill Custom Data, Extensions, Extension settings, Device Info, User Consents, Send Tab To Self, Collection, Encryption Keys}
{"logTime": "0922/040527", "correlationVector":"fdSbwvpi3R3r0wu7l4jqsl.1","action":"SyncServerConnectionManagerRequest", "result":"SYNC_SERVER_OK", "context":{"environment":"Prod_SoutheastAsia", "server":"GENERAL01000007"}}
{"logTime": "0922/040527", "correlationVector":"fdSbwvpi3R3r0wu7l4jqsl.2","action":"GetUpdates Response", "result":"SYNCER_OK", "context":Received 0 update(s). cV=fdSbwvpi3R3r0wu7l4jqsl.0;server=GENERAL01000007;cloudType=Consumer;environment=Prod_SoutheastAsia}
{"logTime": "0922/040527", "correlationVector":"t9QyHP0NenGyWYiu13uGbl","action":"Commit Request", "result":"", "context":Item count: 1
Contributing types: Device Info}
{"logTime": "0922/040527", "correlationVector":"t9QyHP0NenGyWYiu13uGbl.1","action":"SyncServerConnectionManagerRequest", "result":"SYNC_SERVER_OK", "context":{"environment":"Prod_SoutheastAsia", "server":"GENERAL0100000N"}}
{"logTime": "0922/040527", "correlationVector":"t9QyHP0NenGyWYiu13uGbl.2","action":"Commit Response", "result":"SYNCER_OK", "context":Result: SYNCER_OK. cV=t9QyHP0NenGyWYiu13uGbl.0;server=GENERAL0100000N;cloudType=Consumer;environment=Prod_SoutheastAsia}
{"logTime": "0922/040527", "correlationVector":"1LejmEn6e50g0us0s8u3lt","action":"Commit Request", "result":"", "context":Item count: 2
Contributing types: Preferences, User Consents}
{"logTime": "0922/040528", "correlationVector":"1LejmEn6e50g0us0s8u3lt.1","action":"SyncServerConnectionManagerRequest", "result":"SYNC_SERVER_OK", "context":{"environment":"Prod_SoutheastAsia", "server":"GENERAL0100000E"}}
{"logTime": "0922/040528", "correlationVector":"1LejmEn6e50g0us0s8u3lt.2","action":"Commit Response", "result":"SYNCER_OK", "context":Result: SYNCER_OK. cV=1LejmEn6e50g0us0s8u3lt.0;server=GENERAL0100000E;cloudType=Consumer;environment=Prod_SoutheastAsia}
{"logTime": "0923/051500", "correlationVector":"iL/l1vDMnmY/EXHNwdiEDe.0","action":"FeedSettingFetch_homeCloud", "result":"0", "context":{}}
{"logTime": "0923/051500", "correlationVector":"NjQCkh9rnC7M2QJOnFeN0D.1","action":"SyncServerConnectionManagerRequest", "result":"SYNC_SERVER_OK", "context":{"environment":"Prod_EastAsia", "server":"GENERAL0100000T"}}
{"logTime": "0923/051500", "correlationVector":"NjQCkh9rnC7M2QJOnFeN0D","action":"Initial GetUpdates", "result":"", "context":Reason: NEW_CLIENT. cV=NjQCkh9rnC7M2QJOnFeN0D}
{"logTime": "0923/051500", "correlationVector":"NjQCkh9rnC7M2QJOnFeN0D.2","action":"GetUpdates Response", "result":"SYNCER_OK", "context":Received 1 update(s). cV=NjQCkh9rnC7M2QJOnFeN0D.0;server=GENERAL0100000T;cloudType=Consumer;environment=Prod_EastAsia}
{"logTime": "0923/051500", "correlationVector":"LARqc9hqhzVTZGvx0nOqF+","action":"Normal GetUpdate request", "result":"", "context":cV=LARqc9hqhzVTZGvx0nOqF+
Nudged types: Device Info
Refresh requested types: Bookmarks, Preferences, Autofill Custom Data, Extensions, Extension settings, Device Info, User Consents, Send Tab To Self, Collection, Encryption Keys}
{"logTime": "0923/051500", "correlationVector":"LARqc9hqhzVTZGvx0nOqF+.1","action":"SyncServerConnectionManagerRequest", "result":"SYNC_SERVER_OK", "context":{"environment":"Prod_EastAsia", "server":"GENERAL0100000Z"}}
{"logTime": "0923/051500", "correlationVector":"LARqc9hqhzVTZGvx0nOqF+.2","action":"GetUpdates Response", "result":"SYNCER_OK", "context":Received 2 update(s). cV=LARqc9hqhzVTZGvx0nOqF+.0;server=GENERAL0100000Z;cloudType=Consumer;environment=Prod_EastAsia}
{"logTime": "0923/051932", "correlationVector":"6Lxg/DHSv2NgfP0qb1qsfP","action":"SyncServerConnectionManagerRequest", "result":"SYNC_SERVER_ERROR", "context":{"environment":"", "error_type":"http_status_code", "error_value":"400", "server":""}}
{"logTime": "0923/051932", "correlationVector":"KkBjswX63WUyRFTGMPfKBh","action":"Poll GetUpdate request", "result":"", "context":cV=KkBjswX63WUyRFTGMPfKBh}
{"logTime": "0923/051933", "correlationVector":"KkBjswX63WUyRFTGMPfKBh.1","action":"SyncServerConnectionManagerRequest", "result":"SYNC_SERVER_OK", "context":{"environment":"Prod_EastAsia", "server":"GENERAL01000025"}}
{"logTime": "0923/051933", "correlationVector":"KkBjswX63WUyRFTGMPfKBh.2","action":"GetUpdates Response", "result":"SYNCER_OK", "context":Received 0 update(s). cV=KkBjswX63WUyRFTGMPfKBh.0;server=GENERAL01000025;cloudType=Consumer;environment=Prod_EastAsia}
{"logTime": "0923/051937", "correlationVector":"9BWl7UfJsB2O5Jbu3/uSf8","action":"SyncServerConnectionManagerRequest", "result":"SYNC_SERVER_OK", "context":{"environment":"", "server":""}}
{"logTime": "0923/051937", "correlationVector":"7UTirSX/+gpP1vqwaZamNT","action":"Poll GetUpdate request", "result":"", "context":cV=7UTirSX/+gpP1vqwaZamNT}
{"logTime": "0923/051937", "correlationVector":"7UTirSX/+gpP1vqwaZamNT.1","action":"SyncServerConnectionManagerRequest", "result":"SYNC_SERVER_OK", "context":{"environment":"Prod_EastAsia", "server":"GENERAL0100001Q"}}
{"logTime": "0923/051937", "correlationVector":"7UTirSX/+gpP1vqwaZamNT.2","action":"GetUpdates Response", "result":"SYNCER_OK", "context":Received 0 update(s). cV=7UTirSX/+gpP1vqwaZamNT.0;server=GENERAL0100001Q;cloudType=Consumer;environment=Prod_EastAsia}
{"logTime": "0923/051937", "correlationVector":"f+bmcRvAtEo5Atxyz7Otnh","action":"Initial GetUpdates", "result":"", "context":Reason: NEWLY_SUPPORTED_DATATYPE. cV=f+bmcRvAtEo5Atxyz7Otnh}
{"logTime": "0923/051938", "correlationVector":"f+bmcRvAtEo5Atxyz7Otnh.1","action":"SyncServerConnectionManagerRequest", "result":"SYNC_SERVER_OK", "context":{"environment":"Prod_EastAsia", "server":"GENERAL01000019"}}
{"logTime": "0923/051938", "correlationVector":"f+bmcRvAtEo5Atxyz7Otnh.2","action":"GetUpdates", "result":"DeleteReceived", "context":{"id":"f040f824-c0d2-4456-835a-fe7e213efd1a", "isDeleted:":"true", "version":"1658572065842"}}
{"logTime": "0923/051938", "correlationVector":"f+bmcRvAtEo5Atxyz7Otnh.3","action":"GetUpdates", "result":"DeleteReceived", "context":{"id":"17f28222-ad72-44a3-8ada-df92510963da", "isDeleted:":"true", "version":"1658572065842"}}
{"logTime": "0923/051938", "correlationVector":"f+bmcRvAtEo5Atxyz7Otnh.4","action":"GetUpdates", "result":"DeleteReceived", "context":{"id":"8587fa77-e9b0-4d7a-afe7-5c07e2108f40", "isDeleted:":"true", "version":"1658572117913"}}
{"logTime": "0923/051938", "correlationVector":"f+bmcRvAtEo5Atxyz7Otnh.5","action":"GetUpdates", "result":"DeleteReceived", "context":{"id":"5daae647-a357-462a-bf27-80f799ef09ea", "isDeleted:":"true", "version":"1658572117913"}}
{"logTime": "0923/051938", "correlationVector":"f+bmcRvAtEo5Atxyz7Otnh.6","action":"GetUpdates", "result":"DeleteReceived", "context":{"id":"4be4c8e6-0264-4554-b38b-9a78811dcd9a", "isDeleted:":"true", "version":"1658572117913"}}
{"logTime": "0923/051938", "correlationVector":"f+bmcRvAtEo5Atxyz7Otnh.7","action":"GetUpdates", "result":"DeleteReceived", "context":{"id":"f9817009-41f4-43cc-b416-d0421f0a2125", "isDeleted:":"true", "version":"1658572117913"}}
{"logTime": "0923/051938", "correlationVector":"f+bmcRvAtEo5Atxyz7Otnh.8","action":"GetUpdates", "result":"DeleteReceived", "context":{"id":"b37b85aa-40b4-45a3-bb03-38a446c2bb80", "isDeleted:":"true", "version":"1658572117913"}}
{"logTime": "0923/051938", "correlationVector":"f+bmcRvAtEo5Atxyz7Otnh.9","action":"GetUpdates", "result":"DeleteReceived", "context":{"id":"109fe8d8-4845-4f6c-9882-8e58408d3054", "isDeleted:":"true", "version":"1658572117913"}}
{"logTime": "0923/051938", "correlationVector":"f+bmcRvAtEo5Atxyz7Otnh.10","action":"GetUpdates", "result":"DeleteReceived", "context":{"id":"bcc363eb-1c34-4a71-9489-300650e6cfd5", "isDeleted:":"true", "version":"1658572117913"}}
{"logTime": "0923/051938", "correlationVector":"f+bmcRvAtEo5Atxyz7Otnh.11","action":"GetUpdates", "result":"DeleteReceived", "context":{"id":"60c98043-0408-4304-89c8-ced8f49c8a23", "isDeleted:":"true", "version":"1658572347546"}}
{"logTime": "0923/051938", "correlationVector":"f+bmcRvAtEo5Atxyz7Otnh.12","action":"GetUpdates", "result":"DeleteReceived", "context":{"id":"8da0140a-040e-49f4-beb3-1fc3f4cf6fd8", "isDeleted:":"true", "version":"1658572347546"}}
{"logTime": "0923/051938", "correlationVector":"f+bmcRvAtEo5Atxyz7Otnh.13","action":"GetUpdates Response", "result":"SYNCER_OK", "context":Received 14 update(s). cV=f+bmcRvAtEo5Atxyz7Otnh.0;server=GENERAL01000019;cloudType=Consumer;environment=Prod_EastAsia}
{"logTime": "0923/051938", "correlationVector":"2HURafXQIFSXvCxvtdGtg9","action":"Normal GetUpdate request", "result":"", "context":cV=2HURafXQIFSXvCxvtdGtg9
Refresh requested types: Bookmarks, Preferences, Passwords, Autofill Profiles, Autofill, Autofill Custom Data, Extensions, Extension settings, Device Info, User Consents, Send Tab To Self, Collection, Encryption Keys}
{"logTime": "0923/051938", "correlationVector":"2HURafXQIFSXvCxvtdGtg9.1","action":"SyncServerConnectionManagerRequest", "result":"SYNC_SERVER_OK", "context":{"environment":"Prod_EastAsia", "server":"GENERAL0100001Y"}}
{"logTime": "0923/051938", "correlationVector":"2HURafXQIFSXvCxvtdGtg9.2","action":"GetUpdates Response", "result":"SYNCER_OK", "context":Received 1 update(s). cV=2HURafXQIFSXvCxvtdGtg9.0;server=GENERAL0100001Y;cloudType=Consumer;environment=Prod_EastAsia}
{"logTime": "0923/054128", "correlationVector":"EpxmvlYpSQ7cOuX3B5A6f+.0","action":"FeedSettingFetch_homeCloud", "result":"0", "context":{}}
{"logTime": "0923/054128", "correlationVector":"GVrN5ut6YcOVAiw5wDV/bt.1","action":"SyncServerConnectionManagerRequest", "result":"SYNC_SERVER_OK", "context":{"environment":"Prod_EastAsia", "server":"GENERAL0100001G"}}
{"logTime": "0923/054128", "correlationVector":"GVrN5ut6YcOVAiw5wDV/bt","action":"Initial GetUpdates", "result":"", "context":Reason: NEW_CLIENT. cV=GVrN5ut6YcOVAiw5wDV/bt}
{"logTime": "0923/054128", "correlationVector":"GVrN5ut6YcOVAiw5wDV/bt.2","action":"GetUpdates Response", "result":"SYNCER_OK", "context":Received 1 update(s). cV=GVrN5ut6YcOVAiw5wDV/bt.0;server=GENERAL0100001G;cloudType=Consumer;environment=Prod_EastAsia}
{"logTime": "0923/054128", "correlationVector":"uGzMEeb1kkKim2Es67TppJ","action":"Normal GetUpdate request", "result":"", "context":cV=uGzMEeb1kkKim2Es67TppJ
Refresh requested types: Bookmarks, Preferences, Autofill Custom Data, Extensions, Extension settings, Device Info, User Consents, Send Tab To Self, Collection, Encryption Keys}
{"logTime": "0923/054128", "correlationVector":"uGzMEeb1kkKim2Es67TppJ.1","action":"SyncServerConnectionManagerRequest", "result":"SYNC_SERVER_OK", "context":{"environment":"Prod_EastAsia", "server":"GENERAL01000010"}}
{"logTime": "0923/054128", "correlationVector":"uGzMEeb1kkKim2Es67TppJ.2","action":"GetUpdates Response", "result":"SYNCER_OK", "context":Received 0 update(s). cV=uGzMEeb1kkKim2Es67TppJ.0;server=GENERAL01000010;cloudType=Consumer;environment=Prod_EastAsia}
